9175 19:19:41.745671 --- Starting bitbake server pid 9175 at 2024-10-26 19:19:41.745629 ---
/usr/lib/python3/dist-packages/apport/report.py:13: DeprecationWarning: the imp module is deprecated in favour of importlib; see the module's documentation for alternative uses
  import fnmatch, glob, traceback, errno, sys, atexit, imp, stat
Traceback (most recent call last):
  File "/mnt/d/Inango/Inango_TestTask/Linux_Kernel_Module/poky/bitbake/bin/bitbake-server", line 54, in <module>
    bb.server.process.execServer(lockfd, readypipeinfd, lockname, sockname, timeout, xmlrpcinterface, profile)
  File "/mnt/d/Inango/Inango_TestTask/Linux_Kernel_Module/poky/bitbake/lib/bb/server/process.py", line 667, in execServer
    sock.bind(os.path.basename(sockname))
OSError: [Errno 95] Operation not supported
sys:1: ResourceWarning: unclosed file <_io.TextIOWrapper name=3 mode='w' encoding='UTF-8'>
sys:1: ResourceWarning: unclosed <socket.socket fd=4, family=AddressFamily.AF_UNIX, type=SocketKind.SOCK_STREAM, proto=0>
9180 19:19:44.312644 --- Starting bitbake server pid 9180 at 2024-10-26 19:19:44.312600 ---
/usr/lib/python3/dist-packages/apport/report.py:13: DeprecationWarning: the imp module is deprecated in favour of importlib; see the module's documentation for alternative uses
  import fnmatch, glob, traceback, errno, sys, atexit, imp, stat
Traceback (most recent call last):
  File "/mnt/d/Inango/Inango_TestTask/Linux_Kernel_Module/poky/bitbake/bin/bitbake-server", line 54, in <module>
    bb.server.process.execServer(lockfd, readypipeinfd, lockname, sockname, timeout, xmlrpcinterface, profile)
  File "/mnt/d/Inango/Inango_TestTask/Linux_Kernel_Module/poky/bitbake/lib/bb/server/process.py", line 667, in execServer
    sock.bind(os.path.basename(sockname))
OSError: [Errno 95] Operation not supported
sys:1: ResourceWarning: unclosed file <_io.TextIOWrapper name=3 mode='w' encoding='UTF-8'>
sys:1: ResourceWarning: unclosed <socket.socket fd=4, family=AddressFamily.AF_UNIX, type=SocketKind.SOCK_STREAM, proto=0>
9200 19:19:46.534714 --- Starting bitbake server pid 9200 at 2024-10-26 19:19:46.534673 ---
/usr/lib/python3/dist-packages/apport/report.py:13: DeprecationWarning: the imp module is deprecated in favour of importlib; see the module's documentation for alternative uses
  import fnmatch, glob, traceback, errno, sys, atexit, imp, stat
Traceback (most recent call last):
  File "/mnt/d/Inango/Inango_TestTask/Linux_Kernel_Module/poky/bitbake/bin/bitbake-server", line 54, in <module>
    bb.server.process.execServer(lockfd, readypipeinfd, lockname, sockname, timeout, xmlrpcinterface, profile)
  File "/mnt/d/Inango/Inango_TestTask/Linux_Kernel_Module/poky/bitbake/lib/bb/server/process.py", line 667, in execServer
    sock.bind(os.path.basename(sockname))
OSError: [Errno 95] Operation not supported
sys:1: ResourceWarning: unclosed file <_io.TextIOWrapper name=3 mode='w' encoding='UTF-8'>
sys:1: ResourceWarning: unclosed <socket.socket fd=4, family=AddressFamily.AF_UNIX, type=SocketKind.SOCK_STREAM, proto=0>
9205 19:19:48.911437 --- Starting bitbake server pid 9205 at 2024-10-26 19:19:48.911394 ---
/usr/lib/python3/dist-packages/apport/report.py:13: DeprecationWarning: the imp module is deprecated in favour of importlib; see the module's documentation for alternative uses
  import fnmatch, glob, traceback, errno, sys, atexit, imp, stat
Traceback (most recent call last):
  File "/mnt/d/Inango/Inango_TestTask/Linux_Kernel_Module/poky/bitbake/bin/bitbake-server", line 54, in <module>
    bb.server.process.execServer(lockfd, readypipeinfd, lockname, sockname, timeout, xmlrpcinterface, profile)
  File "/mnt/d/Inango/Inango_TestTask/Linux_Kernel_Module/poky/bitbake/lib/bb/server/process.py", line 667, in execServer
    sock.bind(os.path.basename(sockname))
OSError: [Errno 95] Operation not supported
sys:1: ResourceWarning: unclosed file <_io.TextIOWrapper name=3 mode='w' encoding='UTF-8'>
sys:1: ResourceWarning: unclosed <socket.socket fd=4, family=AddressFamily.AF_UNIX, type=SocketKind.SOCK_STREAM, proto=0>
9244 19:19:56.237090 --- Starting bitbake server pid 9244 at 2024-10-26 19:19:56.237042 ---
/usr/lib/python3/dist-packages/apport/report.py:13: DeprecationWarning: the imp module is deprecated in favour of importlib; see the module's documentation for alternative uses
  import fnmatch, glob, traceback, errno, sys, atexit, imp, stat
Traceback (most recent call last):
  File "/mnt/d/Inango/Inango_TestTask/Linux_Kernel_Module/poky/bitbake/bin/bitbake-server", line 54, in <module>
    bb.server.process.execServer(lockfd, readypipeinfd, lockname, sockname, timeout, xmlrpcinterface, profile)
  File "/mnt/d/Inango/Inango_TestTask/Linux_Kernel_Module/poky/bitbake/lib/bb/server/process.py", line 667, in execServer
    sock.bind(os.path.basename(sockname))
OSError: [Errno 95] Operation not supported
sys:1: ResourceWarning: unclosed file <_io.TextIOWrapper name=3 mode='w' encoding='UTF-8'>
sys:1: ResourceWarning: unclosed <socket.socket fd=4, family=AddressFamily.AF_UNIX, type=SocketKind.SOCK_STREAM, proto=0>
9278 19:20:03.548782 --- Starting bitbake server pid 9278 at 2024-10-26 19:20:03.548736 ---
/usr/lib/python3/dist-packages/apport/report.py:13: DeprecationWarning: the imp module is deprecated in favour of importlib; see the module's documentation for alternative uses
  import fnmatch, glob, traceback, errno, sys, atexit, imp, stat
Traceback (most recent call last):
  File "/mnt/d/Inango/Inango_TestTask/Linux_Kernel_Module/poky/bitbake/bin/bitbake-server", line 54, in <module>
    bb.server.process.execServer(lockfd, readypipeinfd, lockname, sockname, timeout, xmlrpcinterface, profile)
  File "/mnt/d/Inango/Inango_TestTask/Linux_Kernel_Module/poky/bitbake/lib/bb/server/process.py", line 667, in execServer
    sock.bind(os.path.basename(sockname))
OSError: [Errno 95] Operation not supported
sys:1: ResourceWarning: unclosed file <_io.TextIOWrapper name=3 mode='w' encoding='UTF-8'>
sys:1: ResourceWarning: unclosed <socket.socket fd=4, family=AddressFamily.AF_UNIX, type=SocketKind.SOCK_STREAM, proto=0>
9304 19:20:10.768182 --- Starting bitbake server pid 9304 at 2024-10-26 19:20:10.768141 ---
/usr/lib/python3/dist-packages/apport/report.py:13: DeprecationWarning: the imp module is deprecated in favour of importlib; see the module's documentation for alternative uses
  import fnmatch, glob, traceback, errno, sys, atexit, imp, stat
Traceback (most recent call last):
  File "/mnt/d/Inango/Inango_TestTask/Linux_Kernel_Module/poky/bitbake/bin/bitbake-server", line 54, in <module>
    bb.server.process.execServer(lockfd, readypipeinfd, lockname, sockname, timeout, xmlrpcinterface, profile)
  File "/mnt/d/Inango/Inango_TestTask/Linux_Kernel_Module/poky/bitbake/lib/bb/server/process.py", line 667, in execServer
    sock.bind(os.path.basename(sockname))
OSError: [Errno 95] Operation not supported
sys:1: ResourceWarning: unclosed file <_io.TextIOWrapper name=3 mode='w' encoding='UTF-8'>
sys:1: ResourceWarning: unclosed <socket.socket fd=4, family=AddressFamily.AF_UNIX, type=SocketKind.SOCK_STREAM, proto=0>
9348 19:20:18.087319 --- Starting bitbake server pid 9348 at 2024-10-26 19:20:18.087278 ---
/usr/lib/python3/dist-packages/apport/report.py:13: DeprecationWarning: the imp module is deprecated in favour of importlib; see the module's documentation for alternative uses
  import fnmatch, glob, traceback, errno, sys, atexit, imp, stat
Traceback (most recent call last):
  File "/mnt/d/Inango/Inango_TestTask/Linux_Kernel_Module/poky/bitbake/bin/bitbake-server", line 54, in <module>
    bb.server.process.execServer(lockfd, readypipeinfd, lockname, sockname, timeout, xmlrpcinterface, profile)
  File "/mnt/d/Inango/Inango_TestTask/Linux_Kernel_Module/poky/bitbake/lib/bb/server/process.py", line 667, in execServer
    sock.bind(os.path.basename(sockname))
OSError: [Errno 95] Operation not supported
sys:1: ResourceWarning: unclosed file <_io.TextIOWrapper name=3 mode='w' encoding='UTF-8'>
sys:1: ResourceWarning: unclosed <socket.socket fd=4, family=AddressFamily.AF_UNIX, type=SocketKind.SOCK_STREAM, proto=0>
9589 19:21:07.946884 --- Starting bitbake server pid 9589 at 2024-10-26 19:21:07.946843 ---
/usr/lib/python3/dist-packages/apport/report.py:13: DeprecationWarning: the imp module is deprecated in favour of importlib; see the module's documentation for alternative uses
  import fnmatch, glob, traceback, errno, sys, atexit, imp, stat
Traceback (most recent call last):
  File "/mnt/d/Inango/Inango_TestTask/Linux_Kernel_Module/poky/bitbake/bin/bitbake-server", line 54, in <module>
    bb.server.process.execServer(lockfd, readypipeinfd, lockname, sockname, timeout, xmlrpcinterface, profile)
  File "/mnt/d/Inango/Inango_TestTask/Linux_Kernel_Module/poky/bitbake/lib/bb/server/process.py", line 667, in execServer
    sock.bind(os.path.basename(sockname))
OSError: [Errno 95] Operation not supported
sys:1: ResourceWarning: unclosed file <_io.TextIOWrapper name=3 mode='w' encoding='UTF-8'>
sys:1: ResourceWarning: unclosed <socket.socket fd=4, family=AddressFamily.AF_UNIX, type=SocketKind.SOCK_STREAM, proto=0>
9607 19:21:10.560639 --- Starting bitbake server pid 9607 at 2024-10-26 19:21:10.560600 ---
/usr/lib/python3/dist-packages/apport/report.py:13: DeprecationWarning: the imp module is deprecated in favour of importlib; see the module's documentation for alternative uses
  import fnmatch, glob, traceback, errno, sys, atexit, imp, stat
Traceback (most recent call last):
  File "/mnt/d/Inango/Inango_TestTask/Linux_Kernel_Module/poky/bitbake/bin/bitbake-server", line 54, in <module>
    bb.server.process.execServer(lockfd, readypipeinfd, lockname, sockname, timeout, xmlrpcinterface, profile)
  File "/mnt/d/Inango/Inango_TestTask/Linux_Kernel_Module/poky/bitbake/lib/bb/server/process.py", line 667, in execServer
    sock.bind(os.path.basename(sockname))
OSError: [Errno 95] Operation not supported
sys:1: ResourceWarning: unclosed file <_io.TextIOWrapper name=3 mode='w' encoding='UTF-8'>
sys:1: ResourceWarning: unclosed <socket.socket fd=4, family=AddressFamily.AF_UNIX, type=SocketKind.SOCK_STREAM, proto=0>
9613 19:21:12.807322 --- Starting bitbake server pid 9613 at 2024-10-26 19:21:12.807281 ---
/usr/lib/python3/dist-packages/apport/report.py:13: DeprecationWarning: the imp module is deprecated in favour of importlib; see the module's documentation for alternative uses
  import fnmatch, glob, traceback, errno, sys, atexit, imp, stat
Traceback (most recent call last):
  File "/mnt/d/Inango/Inango_TestTask/Linux_Kernel_Module/poky/bitbake/bin/bitbake-server", line 54, in <module>
    bb.server.process.execServer(lockfd, readypipeinfd, lockname, sockname, timeout, xmlrpcinterface, profile)
  File "/mnt/d/Inango/Inango_TestTask/Linux_Kernel_Module/poky/bitbake/lib/bb/server/process.py", line 667, in execServer
    sock.bind(os.path.basename(sockname))
OSError: [Errno 95] Operation not supported
sys:1: ResourceWarning: unclosed file <_io.TextIOWrapper name=3 mode='w' encoding='UTF-8'>
sys:1: ResourceWarning: unclosed <socket.socket fd=4, family=AddressFamily.AF_UNIX, type=SocketKind.SOCK_STREAM, proto=0>
9633 19:21:15.080044 --- Starting bitbake server pid 9633 at 2024-10-26 19:21:15.079999 ---
/usr/lib/python3/dist-packages/apport/report.py:13: DeprecationWarning: the imp module is deprecated in favour of importlib; see the module's documentation for alternative uses
  import fnmatch, glob, traceback, errno, sys, atexit, imp, stat
Traceback (most recent call last):
  File "/mnt/d/Inango/Inango_TestTask/Linux_Kernel_Module/poky/bitbake/bin/bitbake-server", line 54, in <module>
    bb.server.process.execServer(lockfd, readypipeinfd, lockname, sockname, timeout, xmlrpcinterface, profile)
  File "/mnt/d/Inango/Inango_TestTask/Linux_Kernel_Module/poky/bitbake/lib/bb/server/process.py", line 667, in execServer
    sock.bind(os.path.basename(sockname))
OSError: [Errno 95] Operation not supported
sys:1: ResourceWarning: unclosed file <_io.TextIOWrapper name=3 mode='w' encoding='UTF-8'>
sys:1: ResourceWarning: unclosed <socket.socket fd=4, family=AddressFamily.AF_UNIX, type=SocketKind.SOCK_STREAM, proto=0>
9662 19:21:22.164209 --- Starting bitbake server pid 9662 at 2024-10-26 19:21:22.164164 ---
/usr/lib/python3/dist-packages/apport/report.py:13: DeprecationWarning: the imp module is deprecated in favour of importlib; see the module's documentation for alternative uses
  import fnmatch, glob, traceback, errno, sys, atexit, imp, stat
Traceback (most recent call last):
  File "/mnt/d/Inango/Inango_TestTask/Linux_Kernel_Module/poky/bitbake/bin/bitbake-server", line 54, in <module>
    bb.server.process.execServer(lockfd, readypipeinfd, lockname, sockname, timeout, xmlrpcinterface, profile)
  File "/mnt/d/Inango/Inango_TestTask/Linux_Kernel_Module/poky/bitbake/lib/bb/server/process.py", line 667, in execServer
    sock.bind(os.path.basename(sockname))
OSError: [Errno 95] Operation not supported
sys:1: ResourceWarning: unclosed file <_io.TextIOWrapper name=3 mode='w' encoding='UTF-8'>
sys:1: ResourceWarning: unclosed <socket.socket fd=4, family=AddressFamily.AF_UNIX, type=SocketKind.SOCK_STREAM, proto=0>
9703 19:21:29.374069 --- Starting bitbake server pid 9703 at 2024-10-26 19:21:29.374025 ---
/usr/lib/python3/dist-packages/apport/report.py:13: DeprecationWarning: the imp module is deprecated in favour of importlib; see the module's documentation for alternative uses
  import fnmatch, glob, traceback, errno, sys, atexit, imp, stat
Traceback (most recent call last):
  File "/mnt/d/Inango/Inango_TestTask/Linux_Kernel_Module/poky/bitbake/bin/bitbake-server", line 54, in <module>
    bb.server.process.execServer(lockfd, readypipeinfd, lockname, sockname, timeout, xmlrpcinterface, profile)
  File "/mnt/d/Inango/Inango_TestTask/Linux_Kernel_Module/poky/bitbake/lib/bb/server/process.py", line 667, in execServer
    sock.bind(os.path.basename(sockname))
OSError: [Errno 95] Operation not supported
sys:1: ResourceWarning: unclosed file <_io.TextIOWrapper name=3 mode='w' encoding='UTF-8'>
sys:1: ResourceWarning: unclosed <socket.socket fd=4, family=AddressFamily.AF_UNIX, type=SocketKind.SOCK_STREAM, proto=0>
9732 19:21:36.383767 --- Starting bitbake server pid 9732 at 2024-10-26 19:21:36.383709 ---
/usr/lib/python3/dist-packages/apport/report.py:13: DeprecationWarning: the imp module is deprecated in favour of importlib; see the module's documentation for alternative uses
  import fnmatch, glob, traceback, errno, sys, atexit, imp, stat
Traceback (most recent call last):
  File "/mnt/d/Inango/Inango_TestTask/Linux_Kernel_Module/poky/bitbake/bin/bitbake-server", line 54, in <module>
    bb.server.process.execServer(lockfd, readypipeinfd, lockname, sockname, timeout, xmlrpcinterface, profile)
  File "/mnt/d/Inango/Inango_TestTask/Linux_Kernel_Module/poky/bitbake/lib/bb/server/process.py", line 667, in execServer
    sock.bind(os.path.basename(sockname))
OSError: [Errno 95] Operation not supported
sys:1: ResourceWarning: unclosed file <_io.TextIOWrapper name=3 mode='w' encoding='UTF-8'>
sys:1: ResourceWarning: unclosed <socket.socket fd=4, family=AddressFamily.AF_UNIX, type=SocketKind.SOCK_STREAM, proto=0>
9758 19:21:43.644540 --- Starting bitbake server pid 9758 at 2024-10-26 19:21:43.644501 ---
/usr/lib/python3/dist-packages/apport/report.py:13: DeprecationWarning: the imp module is deprecated in favour of importlib; see the module's documentation for alternative uses
  import fnmatch, glob, traceback, errno, sys, atexit, imp, stat
Traceback (most recent call last):
  File "/mnt/d/Inango/Inango_TestTask/Linux_Kernel_Module/poky/bitbake/bin/bitbake-server", line 54, in <module>
    bb.server.process.execServer(lockfd, readypipeinfd, lockname, sockname, timeout, xmlrpcinterface, profile)
  File "/mnt/d/Inango/Inango_TestTask/Linux_Kernel_Module/poky/bitbake/lib/bb/server/process.py", line 667, in execServer
    sock.bind(os.path.basename(sockname))
OSError: [Errno 95] Operation not supported
sys:1: ResourceWarning: unclosed file <_io.TextIOWrapper name=3 mode='w' encoding='UTF-8'>
sys:1: ResourceWarning: unclosed <socket.socket fd=4, family=AddressFamily.AF_UNIX, type=SocketKind.SOCK_STREAM, proto=0>
9929 19:22:37.587657 --- Starting bitbake server pid 9929 at 2024-10-26 19:22:37.587616 ---
/usr/lib/python3/dist-packages/apport/report.py:13: DeprecationWarning: the imp module is deprecated in favour of importlib; see the module's documentation for alternative uses
  import fnmatch, glob, traceback, errno, sys, atexit, imp, stat
Traceback (most recent call last):
  File "/mnt/d/Inango/Inango_TestTask/Linux_Kernel_Module/poky/bitbake/bin/bitbake-server", line 54, in <module>
    bb.server.process.execServer(lockfd, readypipeinfd, lockname, sockname, timeout, xmlrpcinterface, profile)
  File "/mnt/d/Inango/Inango_TestTask/Linux_Kernel_Module/poky/bitbake/lib/bb/server/process.py", line 667, in execServer
    sock.bind(os.path.basename(sockname))
OSError: [Errno 95] Operation not supported
sys:1: ResourceWarning: unclosed file <_io.TextIOWrapper name=3 mode='w' encoding='UTF-8'>
sys:1: ResourceWarning: unclosed <socket.socket fd=4, family=AddressFamily.AF_UNIX, type=SocketKind.SOCK_STREAM, proto=0>
